IQ-TREE multicore version 2.2.2.6 COVID-edition for Linux 64-bit built May 27 2023
Developed by Bui Quang Minh, James Barbetti, Nguyen Lam Tung,
Olga Chernomor, Heiko Schmidt, Dominik Schrempf, Michael Woodhams, Ly Trong Nhan.

Host:    rsb-072749 (AVX2, FMA3, 62 GB RAM)
Command: /home/frederickjaya/Downloads/iqtree-2.2.2.6-Linux/bin/iqtree2 -s ../data/turtle.fa -m GTR+F+I+R3+T -te turtle.trees -pre turtle.mix -T 8
Seed:    38226 (Using SPRNG - Scalable Parallel Random Number Generator)
Time:    Wed Jul 26 18:00:59 2023
Kernel:  AVX+FMA - 8 threads (20 CPU cores detected)

Reading alignment file ../data/turtle.fa ... Fasta format detected
Reading fasta file: done in 0.00668001 secs using 99.61% CPU
Alignment most likely contains DNA/RNA sequences
Constructing alignment: done in 0.0148051 secs using 714.4% CPU
Alignment has 16 sequences with 20820 columns, 8574 distinct patterns
6084 parsimony-informative, 3551 singleton sites, 11185 constant sites
                   Gap/Ambiguity  Composition  p-value
Analyzing sequences: done in 4.69685e-05 secs using 87.29% CPU
   1  protopterus         67.26%    failed      0.00%
   2  Anolis               1.61%    passed     48.30%
   3  Gallus               0.01%    passed     11.30%
   4  Homo                 0.29%    passed     68.82%
   5  Monodelphis          0.46%    failed      0.21%
   6  Ornithorhynchus      3.73%    failed      0.00%
   7  Taeniopygia          2.10%    failed      0.00%
   8  Xenopus              1.50%    passed     27.31%
   9  alligator           80.50%    passed     19.63%
  10  emys_orbicularis    56.95%    passed     71.94%
  11  phrynops            36.77%    passed     17.20%
  12  caiman              41.06%    passed      5.16%
  13  caretta             36.33%    passed      6.75%
  14  python              65.18%    failed      0.00%
  15  chelonoidis_nigra   68.53%    failed      0.77%
  16  podarcis            76.21%    failed      0.14%
WARNING: 6 sequences contain more than 50% gaps/ambiguity
****  TOTAL               33.66%  7 sequences failed composition chi2 test (p-value<5%; df=3)
Tree-mixture model
Number of input trees: 2
Checking for duplicate sequences: done in 0.000202894 secs using 694% CPU



Linked substitution model:
   GTR+F

Linked RHS model:
   I+R3


NOTE: 26 MB RAM (0 GB) is required!
According to the parsimony scores along the sites, the tree weights are initialized to:
0.526,0.474
step=0 score=-107190.412
step=1 score=-107187.549
step=2 score=-107185.076
step=3 score=-107182.922
step=4 score=-107181.054
step=5 score=-107179.438
step=6 score=-107178.043
step=7 score=-107176.831
step=8 score=-107175.782
step=9 score=-107174.879
step=10 score=-107174.099
step=20 score=-107170.275
step=30 score=-107169.390
step=40 score=-107169.182
step=50 score=-107169.133
Final estimation on weights:
0.437,0.563
Wrote distance file to... 
BEST SCORE FOUND : -107169.123
Total tree lengths: 5.066 1.020

Total number of iterations: 57
CPU time used for tree search: 0.000 sec (0h:0m:0s)
Wall-clock time used for tree search: 0.000 sec (0h:0m:0s)
Total CPU time used: 123.759 sec (0h:2m:3s)
Total wall-clock time used: 15.526 sec (0h:0m:15s)

Analysis results written to: 
  IQ-TREE report:                turtle.mix.iqtree
  Maximum-likelihood tree:       turtle.mix.treefile
  Screen log file:               turtle.mix.log

Date and Time: Wed Jul 26 18:01:14 2023
