IQ-TREE multicore version 2.2.2.6 COVID-edition for Linux 64-bit built May 27 2023
Developed by Bui Quang Minh, James Barbetti, Nguyen Lam Tung,
Olga Chernomor, Heiko Schmidt, Dominik Schrempf, Michael Woodhams, Ly Trong Nhan.

Host:    rsb-072749 (AVX2, FMA3, 62 GB RAM)
Command: /home/frederickjaya/Downloads/iqtree-2.2.2.6-Linux/bin/iqtree2 -s ../data/turtle.fa -p ../data/turtle.nex -pre turtle.nex -B 1000 -T AUTO
Seed:    765676 (Using SPRNG - Scalable Parallel Random Number Generator)
Time:    Wed Jul 26 17:51:12 2023
Kernel:  AVX+FMA - auto-detect threads (20 CPU cores detected)

Reading partition model file ../data/turtle.nex ...
Reading alignment file ../data/turtle.fa ... Fasta format detected
Reading fasta file: done in 0.00487614 secs using 99.94% CPU
Alignment most likely contains DNA/RNA sequences
Constructing alignment: done in 0.024224 secs using 1833% CPU
Alignment has 16 sequences with 20820 columns, 8574 distinct patterns
6084 parsimony-informative, 3551 singleton sites, 11185 constant sites
                   Gap/Ambiguity  Composition  p-value
Analyzing sequences: done in 5.60284e-05 secs using 1724% CPU
   1  protopterus         67.26%    failed      0.00%
   2  Anolis               1.61%    passed     48.30%
   3  Gallus               0.01%    passed     11.30%
   4  Homo                 0.29%    passed     68.82%
   5  Monodelphis          0.46%    failed      0.21%
   6  Ornithorhynchus      3.73%    failed      0.00%
   7  Taeniopygia          2.10%    failed      0.00%
   8  Xenopus              1.50%    passed     27.31%
   9  alligator           80.50%    passed     19.63%
  10  emys_orbicularis    56.95%    passed     71.94%
  11  phrynops            36.77%    passed     17.20%
  12  caiman              41.06%    passed      5.16%
  13  caretta             36.33%    passed      6.75%
  14  python              65.18%    failed      0.00%
  15  chelonoidis_nigra   68.53%    failed      0.77%
  16  podarcis            76.21%    failed      0.14%
WARNING: 6 sequences contain more than 50% gaps/ambiguity
****  TOTAL               33.66%  7 sequences failed composition chi2 test (p-value<5%; df=3)
NOTE: No CharPartition defined, use all CharSets

Loading 29 partitions...
Identifying sites to remove: done in 0.000274897 secs using 1692% CPU
Identifying sites to remove: done in 0.000175953 secs using 1686% CPU
Identifying sites to remove: done in 0.000205994 secs using 1676% CPU
Identifying sites to remove: done in 0.00023818 secs using 1699% CPU
Identifying sites to remove: done in 0.000310898 secs using 1690% CPU
Identifying sites to remove: done in 0.000277042 secs using 1702% CPU
Identifying sites to remove: done in 0.000462055 secs using 1707% CPU
Identifying sites to remove: done in 0.000167847 secs using 1706% CPU
Identifying sites to remove: done in 0.000190973 secs using 1678% CPU
Identifying sites to remove: done in 0.000211954 secs using 1715% CPU
Identifying sites to remove: done in 0.000174046 secs using 1683% CPU
Identifying sites to remove: done in 0.000257015 secs using 1688% CPU
Identifying sites to remove: done in 0.000161171 secs using 1721% CPU
Identifying sites to remove: done in 0.000193834 secs using 1711% CPU
Identifying sites to remove: done in 0.000299931 secs using 1695% CPU
Identifying sites to remove: done in 0.000222921 secs using 1691% CPU
Identifying sites to remove: done in 0.00030899 secs using 1502% CPU
Identifying sites to remove: done in 0.000144005 secs using 1607% CPU
Identifying sites to remove: done in 0.000301123 secs using 1644% CPU
Identifying sites to remove: done in 0.000149012 secs using 1629% CPU
Identifying sites to remove: done in 0.000262022 secs using 1616% CPU
Identifying sites to remove: done in 0.000165939 secs using 1612% CPU
Identifying sites to remove: done in 0.000194073 secs using 1632% CPU
Identifying sites to remove: done in 0.000388145 secs using 1630% CPU
Identifying sites to remove: done in 0.000173807 secs using 1652% CPU
Identifying sites to remove: done in 0.000149012 secs using 1637% CPU
Identifying sites to remove: done in 0.000208139 secs using 1686% CPU
Identifying sites to remove: done in 0.000212193 secs using 1678% CPU
Identifying sites to remove: done in 0.000240803 secs using 1691% CPU
Subset	Type	Seqs	Sites	Infor	Invar	Model	Name
1		11	846	282	382		ENSGALG00000000223.macse_DNA_gb
2		10	522	193	227		ENSGALG00000001529.macse_DNA_gb
3		10	672	194	351		ENSGALG00000002002.macse_DNA_gb
4		14	732	222	422		ENSGALG00000002514.macse_DNA_gb
5		15	966	313	556		ENSGALG00000003337.macse_DNA_gb
6		14	885	257	525		ENSGALG00000003700.macse_DNA_gb
7		10	1545	359	833		ENSGALG00000003702.macse_DNA_gb
8		12	480	176	225		ENSGALG00000003907.macse_DNA_gb
9		12	576	176	318		ENSGALG00000005820.macse_DNA_gb
10		15	696	129	483		ENSGALG00000005834.macse_DNA_gb
11		13	570	124	334		ENSGALG00000005902.macse_DNA_gb
12		12	792	283	334		ENSGALG00000008338.macse_DNA_gb
13		11	540	129	329		ENSGALG00000008517.macse_DNA_gb
14		12	546	231	262		ENSGALG00000008916.macse_DNA_gb
15		11	930	243	547		ENSGALG00000009085.macse_DNA_gb
16		13	597	239	261		ENSGALG00000009879.macse_DNA_gb
17		9	900	290	406		ENSGALG00000011323.macse_DNA_gb
18		10	447	201	211		ENSGALG00000011434.macse_DNA_gb
19		12	981	172	659		ENSGALG00000011917.macse_DNA_gb
20		10	468	169	191		ENSGALG00000011966.macse_DNA_gb
21		13	753	233	387		ENSGALG00000012244.macse_DNA_gb
22		13	519	149	292		ENSGALG00000012379.macse_DNA_gb
23		9	630	158	382		ENSGALG00000012568.macse_DNA_gb
24		10	1302	279	815		ENSGALG00000013227.macse_DNA_gb
25		11	561	176	297		ENSGALG00000014038.macse_DNA_gb
26		9	498	96	314		ENSGALG00000014648.macse_DNA_gb
27		10	597	187	238		ENSGALG00000015326.macse_DNA_gb
28		12	594	175	281		ENSGALG00000015397.macse_DNA_gb
29		13	675	249	323		ENSGALG00000016241.macse_DNA_gb
Degree of missing data: 0.276
Info: multi-threading strategy over partitions



Create initial parsimony tree by phylogenetic likelihood library (PLL)... 0.006 seconds
Measuring multi-threading efficiency up to 20 CPU cores
Increase to 10 rounds for branch lengths
254 trees examined
Threads: 1 / Time: 20.023 sec / Speedup: 1.000 / Efficiency: 100% / LogL: -126800
Threads: 2 / Time: 11.272 sec / Speedup: 1.776 / Efficiency: 89% / LogL: -126800
Threads: 3 / Time: 8.446 sec / Speedup: 2.371 / Efficiency: 79% / LogL: -126800
Threads: 4 / Time: 6.829 sec / Speedup: 2.932 / Efficiency: 73% / LogL: -126800
Threads: 5 / Time: 5.902 sec / Speedup: 3.393 / Efficiency: 68% / LogL: -126800
Threads: 6 / Time: 5.243 sec / Speedup: 3.819 / Efficiency: 64% / LogL: -126800
Threads: 7 / Time: 4.964 sec / Speedup: 4.034 / Efficiency: 58% / LogL: -126800
Threads: 8 / Time: 4.632 sec / Speedup: 4.323 / Efficiency: 54% / LogL: -126800
Threads: 9 / Time: 5.372 sec / Speedup: 3.727 / Efficiency: 41% / LogL: -126800
Determining AUTO threadcount: done in 72.6838 secs using 385% CPU
BEST NUMBER OF THREADS: 8

Perform fast likelihood tree search using GTR+I+G model...
Estimate model parameters (epsilon = 5.000)
Initial log-likelihood: -120782.688
Current log-likelihood at step 1: -115484.010
Current log-likelihood at step 2: -115369.614
Current log-likelihood at step 3: -115366.416
Parameters optimization took 2 rounds (0.097 sec)

Perform nearest neighbor interchange...
Optimizing NNI: done in 0.023622 secs using 821.4% CPU
Estimate model parameters (epsilon = 1.000)
Initial log-likelihood: -115363.292
Current log-likelihood at step 1: -115358.293
Current log-likelihood at step 2: -115356.237
Current log-likelihood at step 3: -115354.618
Current log-likelihood at step 4: -115352.863
Current log-likelihood at step 5: -115350.938
Current log-likelihood at step 6: -115348.806
Current log-likelihood at step 7: -115346.461
Current log-likelihood at step 8: -115343.923
Current log-likelihood at step 9: -115341.558
Current log-likelihood at step 10: -115339.557
Current log-likelihood at step 11: -115337.787
Current log-likelihood at step 12: -115336.155
Current log-likelihood at step 13: -115334.462
Current log-likelihood at step 14: -115332.644
Current log-likelihood at step 15: -115330.658
Current log-likelihood at step 16: -115328.579
Current log-likelihood at step 17: -115326.630
Current log-likelihood at step 18: -115324.977
Current log-likelihood at step 19: -115323.547
Current log-likelihood at step 20: -115322.234
Current log-likelihood at step 21: -115321.064
Current log-likelihood at step 22: -115320.029
Current log-likelihood at step 23: -115319.317
Partition-specific rates:  1.098 1.334 1.063 1.018 1.252 0.767 0.876 1.105 0.783 0.479 0.646 1.058 0.695 1.811 1.022 1.204 1.273 1.913 0.596 1.322 1.148 1.002 0.805 0.691 0.911 0.658 1.131 0.975 1.260
Parameters optimization took 22 rounds (0.221 sec)

Time for fast ML tree search: 0.343 seconds

NOTE: ModelFinder requires 26 MB RAM!
Selecting individual models for 29 charsets using BIC...
 No. Model        Score       TreeLen     Charset
   1 TIM2+F+G4    9492.410    1.466       ENSGALG00000003700.macse_DNA_gb
   2 TPM2+I+G4    8811.809    2.063       ENSGALG00000016241.macse_DNA_gb
   3 TN+F+G4      15318.578   1.291       ENSGALG00000003702.macse_DNA_gb
   4 TN+F+G4      8391.535    2.242       ENSGALG00000009879.macse_DNA_gb
   5 TPM2u+F+G4   11186.549   1.050       ENSGALG00000013227.macse_DNA_gb
   6 TPM3u+F+G4   10571.915   1.846       ENSGALG00000011323.macse_DNA_gb
   7 TIM2+F+I+R2  9132.546    1.855       ENSGALG00000009085.macse_DNA_gb
   8 TVM+F+I+G4   8644.000    1.978       ENSGALG00000002514.macse_DNA_gb
   9 TIM2e+I+G4   12490.679   2.486       ENSGALG00000003337.macse_DNA_gb
  10 TIM2+F+G4    6133.757    0.932       ENSGALG00000005834.macse_DNA_gb	0h:0m:1s (0h:0m:3s left)
  11 TIM2+F+G4    7319.487    1.593       ENSGALG00000015397.macse_DNA_gb	0h:0m:1s (0h:0m:3s left)
  12 K2P+I+G4     5943.406    1.720       ENSGALG00000003907.macse_DNA_gb	0h:0m:1s (0h:0m:2s left)
  13 TIM3+F+G4    8240.444    0.937       ENSGALG00000011917.macse_DNA_gb	0h:0m:2s (0h:0m:2s left)
  14 TNe+I        6245.228    1.437       ENSGALG00000005820.macse_DNA_gb	0h:0m:2s (0h:0m:2s left)
  15 TN+F+G4      5784.307    1.546       ENSGALG00000012379.macse_DNA_gb	0h:0m:2s (0h:0m:2s left)
  16 TIM+F+G4     7539.046    1.727       ENSGALG00000015326.macse_DNA_gb	0h:0m:2s (0h:0m:1s left)
  17 TN+F+G4      6676.023    1.721       ENSGALG00000014038.macse_DNA_gb	0h:0m:2s (0h:0m:1s left)
  18 TPM2+G4      6855.939    2.041       ENSGALG00000001529.macse_DNA_gb	0h:0m:2s (0h:0m:1s left)
  19 TPM2u+F+I+G4 7386.187    2.694       ENSGALG00000008916.macse_DNA_gb	0h:0m:2s (0h:0m:1s left)
  20 TN+F+G4      7263.920    1.564       ENSGALG00000002002.macse_DNA_gb	0h:0m:2s (0h:0m:1s left)
  21 K2P+G4       5955.893    1.934       ENSGALG00000011966.macse_DNA_gb	0h:0m:2s (0h:0m:1s left)
  22 TPM3+I+G4    6102.625    2.716       ENSGALG00000011434.macse_DNA_gb	0h:0m:2s (0h:0m:0s left)
  23 TNe+G4       5754.518    1.188       ENSGALG00000005902.macse_DNA_gb	0h:0m:2s (0h:0m:0s left)
  24 TNe+G4       5864.933    1.162       ENSGALG00000012568.macse_DNA_gb	0h:0m:2s (0h:0m:0s left)
  25 TN+F+G4      4239.169    0.930       ENSGALG00000014648.macse_DNA_gb	0h:0m:3s (0h:0m:0s left)
  26 TNe+I+R2     10213.254   2.197       ENSGALG00000000223.macse_DNA_gb	0h:0m:3s (0h:0m:0s left)
  27 TPM2u+F+G4   5448.227    1.300       ENSGALG00000008517.macse_DNA_gb	0h:0m:3s (0h:0m:0s left)
  28 SYM+G4       8791.243    1.735       ENSGALG00000012244.macse_DNA_gb	0h:0m:3s (0h:0m:0s left)
  29 TPM3+G4      10371.330   1.964       ENSGALG00000008338.macse_DNA_gb	0h:0m:3s (0h:0m:0s left)
Full partition model BIC score: 233080.412 (LnL: -115471.262  df:215)
Partition information was printed to turtle.nex.best_scheme.nex
Partition information in Raxml format was printed to turtle.nex.best_scheme

All model information printed to turtle.nex.model.gz
CPU time for ModelFinder: 310.444 seconds (0h:5m:10s)
Wall-clock time for ModelFinder: 76.924 seconds (0h:1m:16s)
Generating 1000 samples for ultrafast bootstrap (seed: 765676)...

NOTE: 47 MB RAM (0 GB) is required!
Estimate model parameters (epsilon = 0.100)
Initial log-likelihood: -115648.408
Current log-likelihood at step 1: -115485.109
Current log-likelihood at step 2: -115472.045
Current log-likelihood at step 3: -115471.344
Current log-likelihood at step 4: -115471.004
Current log-likelihood at step 5: -115470.783
Current log-likelihood at step 6: -115470.637
Current log-likelihood at step 7: -115470.538
Partition-specific rates:  1.208 1.314 1.058 1.036 1.232 0.753 0.873 1.088 0.783 0.465 0.644 1.043 0.689 1.793 1.169 1.184 1.271 1.837 0.604 1.306 1.086 0.965 0.800 0.677 0.904 0.645 1.143 0.973 1.248
Parameters optimization took 6 rounds (0.051 sec)

Wrote distance file to... 
Computing ML distances based on estimated model parameters...
Calculating distance matrix: done in 2.19345e-05 secs using 1099% CPU
Computing ML distances took 0.000045 sec (of wall-clock time) 0.000277 sec (of CPU time)
WARNING: Some pairwise ML distances are too long (saturated)
Setting up auxiliary I and S matrices: done in 2.40803e-05 secs using 1503% CPU
Constructing RapidNJ tree: done in 0.000193119 secs using 363.5% CPU
Computing RapidNJ tree took 0.000245 sec (of wall-clock time) 0.001092 sec (of CPU time)
Log-likelihood of RapidNJ tree: -121326.252
--------------------------------------------------------------------
|             INITIALIZING CANDIDATE TREE SET                      |
--------------------------------------------------------------------
Generating 98 parsimony trees... 0.680 second
Computing log-likelihood of 98 initial trees ... 0.264 seconds
Current best score: -115470.538

Do NNI search on 20 best initial trees
Optimizing NNI: done in 0.0278809 secs using 786.5% CPU
Estimate model parameters (epsilon = 0.100)
Initial log-likelihood: -115470.538
Current log-likelihood at step 1: -115470.469
Parameters optimization took 0 rounds (0.006 sec)

BETTER TREE FOUND at iteration 1: -115470.469
Optimizing NNI: done in 0.0720909 secs using 796.3% CPU
Optimizing NNI: done in 0.0655909 secs using 796% CPU
Optimizing NNI: done in 0.0654771 secs using 797% CPU
Optimizing NNI: done in 0.0732861 secs using 800.2% CPU
Optimizing NNI: done in 0.0707891 secs using 797.4% CPU
Optimizing NNI: done in 0.0865822 secs using 797.8% CPU
Optimizing NNI: done in 0.0656271 secs using 796.4% CPU
Optimizing NNI: done in 0.095839 secs using 796.7% CPU
Optimizing NNI: done in 0.0752759 secs using 796.3% CPU
Iteration 10 / LogL: -115473.716 / Time: 0h:0m:1s
Optimizing NNI: done in 0.0787432 secs using 797.4% CPU
Optimizing NNI: done in 0.0832889 secs using 771.7% CPU
Optimizing NNI: done in 0.0826559 secs using 796.4% CPU
Optimizing NNI: done in 0.0932899 secs using 785.2% CPU
Optimizing NNI: done in 0.0823512 secs using 800.1% CPU
Optimizing NNI: done in 0.114799 secs using 797.5% CPU
Optimizing NNI: done in 0.107119 secs using 776.5% CPU
Optimizing NNI: done in 0.0962629 secs using 797.7% CPU
Optimizing NNI: done in 0.105821 secs using 808.3% CPU
Optimizing NNI: done in 0.090518 secs using 797.6% CPU
Iteration 20 / LogL: -115479.041 / Time: 0h:0m:2s
Finish initializing candidate tree set (1)
Current best tree score: -115470.469 / CPU time: 2.603
Number of iterations: 20
--------------------------------------------------------------------
|               OPTIMIZING CANDIDATE TREE SET                      |
--------------------------------------------------------------------
Optimizing NNI: done in 0.0606411 secs using 794% CPU
Optimizing NNI: done in 0.040915 secs using 798.3% CPU
Optimizing NNI: done in 0.0481029 secs using 790.7% CPU
Optimizing NNI: done in 0.038079 secs using 797.2% CPU
Optimizing NNI: done in 0.0540559 secs using 793.9% CPU
Optimizing NNI: done in 0.053601 secs using 798.6% CPU
Optimizing NNI: done in 0.0387511 secs using 786.6% CPU
Optimizing NNI: done in 0.0635359 secs using 782.4% CPU
Optimizing NNI: done in 0.056356 secs using 800.5% CPU
Optimizing NNI: done in 0.0396581 secs using 791.1% CPU
Iteration 30 / LogL: -115470.470 / Time: 0h:0m:3s (0h:0m:8s left)
Optimizing NNI: done in 0.0415099 secs using 789.8% CPU
Optimizing NNI: done in 0.061198 secs using 793.4% CPU
Optimizing NNI: done in 0.043519 secs using 788.8% CPU
Optimizing NNI: done in 0.077286 secs using 779% CPU
Optimizing NNI: done in 0.0571902 secs using 798.4% CPU
Optimizing NNI: done in 0.058351 secs using 797.6% CPU
Optimizing NNI: done in 0.049762 secs using 798.1% CPU
Optimizing NNI: done in 0.0497241 secs using 795.8% CPU
Optimizing NNI: done in 0.0484879 secs using 785.3% CPU
Optimizing NNI: done in 0.0396829 secs using 797.1% CPU
Iteration 40 / LogL: -115475.686 / Time: 0h:0m:3s (0h:0m:6s left)
Optimizing NNI: done in 0.0451081 secs using 797.3% CPU
Optimizing NNI: done in 0.0549672 secs using 785.9% CPU
Optimizing NNI: done in 0.0453341 secs using 791.2% CPU
Optimizing NNI: done in 0.0472181 secs using 795.8% CPU
Optimizing NNI: done in 0.072505 secs using 793.9% CPU
Optimizing NNI: done in 0.063179 secs using 792.4% CPU
Optimizing NNI: done in 0.0452368 secs using 797.8% CPU
Optimizing NNI: done in 0.0424352 secs using 789.8% CPU
Optimizing NNI: done in 0.044467 secs using 793.4% CPU
Optimizing NNI: done in 0.0392621 secs using 789.1% CPU
Iteration 50 / LogL: -115470.514 / Time: 0h:0m:4s (0h:0m:4s left)
Log-likelihood cutoff on original alignment: -115528.529
Optimizing NNI: done in 0.0626669 secs using 801.2% CPU
Optimizing NNI: done in 0.0611861 secs using 798.8% CPU
Optimizing NNI: done in 0.046541 secs using 791.4% CPU
Optimizing NNI: done in 0.0434918 secs using 795% CPU
Optimizing NNI: done in 0.0591121 secs using 810.4% CPU
Optimizing NNI: done in 0.0373912 secs using 770.8% CPU
Optimizing NNI: done in 0.042609 secs using 822.4% CPU
Optimizing NNI: done in 0.047708 secs using 793.7% CPU
Optimizing NNI: done in 0.0431929 secs using 789.3% CPU
Optimizing NNI: done in 0.05531 secs using 796.8% CPU
Iteration 60 / LogL: -115472.601 / Time: 0h:0m:5s (0h:0m:3s left)
Optimizing NNI: done in 0.0496609 secs using 790.3% CPU
Optimizing NNI: done in 0.0390749 secs using 793.5% CPU
Optimizing NNI: done in 0.0570312 secs using 794.3% CPU
Optimizing NNI: done in 0.0706739 secs using 796.3% CPU
Optimizing NNI: done in 0.074275 secs using 797.4% CPU
Optimizing NNI: done in 0.0610731 secs using 792.1% CPU
Optimizing NNI: done in 0.041847 secs using 788.7% CPU
Optimizing NNI: done in 0.0333641 secs using 804.1% CPU
Optimizing NNI: done in 0.0752952 secs using 797% CPU
Optimizing NNI: done in 0.0588839 secs using 798.2% CPU
Iteration 70 / LogL: -115503.873 / Time: 0h:0m:5s (0h:0m:2s left)
Optimizing NNI: done in 0.054697 secs using 769.5% CPU
Optimizing NNI: done in 0.0273809 secs using 790.4% CPU
Optimizing NNI: done in 0.0622499 secs using 793.1% CPU
Optimizing NNI: done in 0.0536358 secs using 791.4% CPU
Optimizing NNI: done in 0.04656 secs using 795.2% CPU
Optimizing NNI: done in 0.063452 secs using 796.4% CPU
Optimizing NNI: done in 0.050575 secs using 794.3% CPU
Optimizing NNI: done in 0.041533 secs using 788% CPU
Optimizing NNI: done in 0.057729 secs using 790.9% CPU
Optimizing NNI: done in 0.041244 secs using 792.6% CPU
Iteration 80 / LogL: -115470.923 / Time: 0h:0m:6s (0h:0m:1s left)
Optimizing NNI: done in 0.047375 secs using 797.1% CPU
Optimizing NNI: done in 0.0369842 secs using 788.7% CPU
Optimizing NNI: done in 0.0597041 secs using 798.6% CPU
Optimizing NNI: done in 0.0464671 secs using 789% CPU
Optimizing NNI: done in 0.0731168 secs using 792.6% CPU
Optimizing NNI: done in 0.0635612 secs using 798.6% CPU
Optimizing NNI: done in 0.042824 secs using 795.8% CPU
Optimizing NNI: done in 0.0767059 secs using 793.8% CPU
Optimizing NNI: done in 0.049361 secs using 790% CPU
Optimizing NNI: done in 0.0576999 secs using 788.2% CPU
Iteration 90 / LogL: -115504.433 / Time: 0h:0m:6s (0h:0m:0s left)
Optimizing NNI: done in 0.031364 secs using 784.1% CPU
Optimizing NNI: done in 0.0496559 secs using 792.1% CPU
Optimizing NNI: done in 0.0526841 secs using 795.6% CPU
Optimizing NNI: done in 0.0530751 secs using 776.5% CPU
Optimizing NNI: done in 0.0611742 secs using 786.5% CPU
Optimizing NNI: done in 0.0697222 secs using 782.6% CPU
Optimizing NNI: done in 0.0396042 secs using 832.5% CPU
Optimizing NNI: done in 0.0794451 secs using 795.1% CPU
Optimizing NNI: done in 0.0554368 secs using 794.9% CPU
Optimizing NNI: done in 0.0908031 secs using 795.5% CPU
Iteration 100 / LogL: -115470.474 / Time: 0h:0m:7s (0h:0m:0s left)
Log-likelihood cutoff on original alignment: -115528.529
NOTE: Bootstrap correlation coefficient of split occurrence frequencies: 1.000
Optimizing NNI: done in 0.033689 secs using 804% CPU
Optimizing NNI: done in 0.0356209 secs using 785.9% CPU
TREE SEARCH COMPLETED AFTER 102 ITERATIONS / Time: 0h:0m:7s

--------------------------------------------------------------------
|                    FINALIZING TREE SEARCH                        |
--------------------------------------------------------------------
Performs final model parameters optimization
Estimate model parameters (epsilon = 0.010)
Initial log-likelihood: -115470.469
Current log-likelihood at step 1: -115470.416
Current log-likelihood at step 2: -115470.378
Current log-likelihood at step 3: -115470.349
Current log-likelihood at step 4: -115470.326
Current log-likelihood at step 5: -115470.306
Current log-likelihood at step 6: -115470.288
Current log-likelihood at step 7: -115470.275
Current log-likelihood at step 8: -115470.265
Current log-likelihood at step 9: -115470.256
Partition-specific rates:  1.211 1.315 1.058 1.034 1.227 0.753 0.873 1.084 0.783 0.465 0.644 1.044 0.689 1.791 1.179 1.184 1.271 1.835 0.604 1.306 1.086 0.965 0.799 0.677 0.904 0.645 1.143 0.973 1.243
Parameters optimization took 8 rounds (0.059 sec)

Partition information was printed to turtle.nex.best_model.nex
BEST SCORE FOUND : -115470.256
Creating bootstrap support values...
Split supports printed to NEXUS file turtle.nex.splits.nex
Total tree length: 2.004

Total number of iterations: 102
CPU time used for tree search: 54.102 sec (0h:0m:54s)
Wall-clock time used for tree search: 7.182 sec (0h:0m:7s)
Total CPU time used: 56.729 sec (0h:0m:56s)
Total wall-clock time used: 7.509 sec (0h:0m:7s)

Computing bootstrap consensus tree...
Reading input file turtle.nex.splits.nex...
16 taxa and 36 splits.
Consensus tree written to turtle.nex.contree
Reading input trees file turtle.nex.contree
Log-likelihood of consensus tree: -115470.256

Analysis results written to: 
  IQ-TREE report:                turtle.nex.iqtree
  Maximum-likelihood tree:       turtle.nex.treefile
  Likelihood distances:          turtle.nex.mldist

Ultrafast bootstrap approximation results written to:
  Split support values:          turtle.nex.splits.nex
  Consensus tree:                turtle.nex.contree
  Screen log file:               turtle.nex.log

Date and Time: Wed Jul 26 17:52:37 2023
