IQ-TREE multicore version 2.2.2.6 COVID-edition for Linux 64-bit built May 27 2023
Developed by Bui Quang Minh, James Barbetti, Nguyen Lam Tung,
Olga Chernomor, Heiko Schmidt, Dominik Schrempf, Michael Woodhams, Ly Trong Nhan.

Host:    rsb-072749 (AVX2, FMA3, 62 GB RAM)
Command: /home/frederickjaya/Downloads/iqtree-2.2.2.6-Linux/bin/iqtree2 -s ../data/turtle.fa -S ../data/turtle.nex -pre turtle.loci -T 2
Seed:    887348 (Using SPRNG - Scalable Parallel Random Number Generator)
Time:    Thu Jul 27 09:32:34 2023
Kernel:  AVX+FMA - 2 threads (20 CPU cores detected)

Reading partition model file ../data/turtle.nex ...
Reading alignment file ../data/turtle.fa ... Fasta format detected
Reading fasta file: done in 0.00755477 secs using 84.32% CPU
Alignment most likely contains DNA/RNA sequences
Constructing alignment: done in 0.0141702 secs using 170.6% CPU
Alignment has 16 sequences with 20820 columns, 8574 distinct patterns
6084 parsimony-informative, 3551 singleton sites, 11185 constant sites
                   Gap/Ambiguity  Composition  p-value
Analyzing sequences: done in 0.000129938 secs using 100% CPU
   1  protopterus         67.26%    failed      0.00%
   2  Anolis               1.61%    passed     48.30%
   3  Gallus               0.01%    passed     11.30%
   4  Homo                 0.29%    passed     68.82%
   5  Monodelphis          0.46%    failed      0.21%
   6  Ornithorhynchus      3.73%    failed      0.00%
   7  Taeniopygia          2.10%    failed      0.00%
   8  Xenopus              1.50%    passed     27.31%
   9  alligator           80.50%    passed     19.63%
  10  emys_orbicularis    56.95%    passed     71.94%
  11  phrynops            36.77%    passed     17.20%
  12  caiman              41.06%    passed      5.16%
  13  caretta             36.33%    passed      6.75%
  14  python              65.18%    failed      0.00%
  15  chelonoidis_nigra   68.53%    failed      0.77%
  16  podarcis            76.21%    failed      0.14%
WARNING: 6 sequences contain more than 50% gaps/ambiguity
****  TOTAL               33.66%  7 sequences failed composition chi2 test (p-value<5%; df=3)
NOTE: No CharPartition defined, use all CharSets

Loading 29 partitions...
Identifying sites to remove: done in 0.000211954 secs using 201.5% CPU
Identifying sites to remove: done in 0.000133991 secs using 202.3% CPU
Identifying sites to remove: done in 0.000154972 secs using 202% CPU
Identifying sites to remove: done in 0.000175953 secs using 202.9% CPU
Identifying sites to remove: done in 0.000226021 secs using 204.4% CPU
Identifying sites to remove: done in 0.000209093 secs using 203.7% CPU
Identifying sites to remove: done in 0.000344038 secs using 200.8% CPU
Identifying sites to remove: done in 0.000125885 secs using 201% CPU
Identifying sites to remove: done in 0.000145912 secs using 202.2% CPU
Identifying sites to remove: done in 0.000157833 secs using 193.9% CPU
Identifying sites to remove: done in 0.00013113 secs using 205.1% CPU
Identifying sites to remove: done in 0.000195026 secs using 200.5% CPU
Identifying sites to remove: done in 0.000121117 secs using 194.9% CPU
Identifying sites to remove: done in 0.000145912 secs using 202.9% CPU
Identifying sites to remove: done in 0.000226974 secs using 195.6% CPU
Identifying sites to remove: done in 0.000172138 secs using 199.8% CPU
Identifying sites to remove: done in 0.000224829 secs using 201.9% CPU
Identifying sites to remove: done in 0.000110149 secs using 203.4% CPU
Identifying sites to remove: done in 0.000224829 secs using 201% CPU
Identifying sites to remove: done in 0.000119925 secs using 204.3% CPU
Identifying sites to remove: done in 0.000200033 secs using 198.5% CPU
Identifying sites to remove: done in 0.000124931 secs using 200.9% CPU
Identifying sites to remove: done in 0.000147104 secs using 200.5% CPU
Identifying sites to remove: done in 0.000294209 secs using 201.2% CPU
Identifying sites to remove: done in 0.000132084 secs using 195.3% CPU
Identifying sites to remove: done in 0.00011611 secs using 198.1% CPU
Identifying sites to remove: done in 0.000156879 secs using 194.4% CPU
Identifying sites to remove: done in 0.000159025 secs using 200.6% CPU
Identifying sites to remove: done in 0.000188112 secs using 203.6% CPU
Subset	Type	Seqs	Sites	Infor	Invar	Model	Name
1		11	846	282	382		ENSGALG00000000223.macse_DNA_gb
2		10	522	193	227		ENSGALG00000001529.macse_DNA_gb
3		10	672	194	351		ENSGALG00000002002.macse_DNA_gb
4		14	732	222	422		ENSGALG00000002514.macse_DNA_gb
5		15	966	313	556		ENSGALG00000003337.macse_DNA_gb
6		14	885	257	525		ENSGALG00000003700.macse_DNA_gb
7		10	1545	359	833		ENSGALG00000003702.macse_DNA_gb
8		12	480	176	225		ENSGALG00000003907.macse_DNA_gb
9		12	576	176	318		ENSGALG00000005820.macse_DNA_gb
10		15	696	129	483		ENSGALG00000005834.macse_DNA_gb
11		13	570	124	334		ENSGALG00000005902.macse_DNA_gb
12		12	792	283	334		ENSGALG00000008338.macse_DNA_gb
13		11	540	129	329		ENSGALG00000008517.macse_DNA_gb
14		12	546	231	262		ENSGALG00000008916.macse_DNA_gb
15		11	930	243	547		ENSGALG00000009085.macse_DNA_gb
16		13	597	239	261		ENSGALG00000009879.macse_DNA_gb
17		9	900	290	406		ENSGALG00000011323.macse_DNA_gb
18		10	447	201	211		ENSGALG00000011434.macse_DNA_gb
19		12	981	172	659		ENSGALG00000011917.macse_DNA_gb
20		10	468	169	191		ENSGALG00000011966.macse_DNA_gb
21		13	753	233	387		ENSGALG00000012244.macse_DNA_gb
22		13	519	149	292		ENSGALG00000012379.macse_DNA_gb
23		9	630	158	382		ENSGALG00000012568.macse_DNA_gb
24		10	1302	279	815		ENSGALG00000013227.macse_DNA_gb
25		11	561	176	297		ENSGALG00000014038.macse_DNA_gb
26		9	498	96	314		ENSGALG00000014648.macse_DNA_gb
27		10	597	187	238		ENSGALG00000015326.macse_DNA_gb
28		12	594	175	281		ENSGALG00000015397.macse_DNA_gb
29		13	675	249	323		ENSGALG00000016241.macse_DNA_gb
Linked 16 total sequences

Creating fast initial parsimony tree by random order stepwise addition...
0.003 seconds, parsimony score: 20856 (based on 9635 sites)
Perform fast likelihood tree search using GTR+I+G model...
Estimate model parameters (epsilon = 5.000)
Perform nearest neighbor interchange...
Optimizing NNI: done in 0.00182986 secs using 185.9% CPU
Estimate model parameters (epsilon = 1.000)
Optimizing NNI: done in 0.00263 secs using 191.2% CPU
Estimate model parameters (epsilon = 1.000)
Optimizing NNI: done in 0.00135303 secs using 406.6% CPU
Estimate model parameters (epsilon = 1.000)
Optimizing NNI: done in 0.00269198 secs using 199.2% CPU
Estimate model parameters (epsilon = 1.000)
Optimizing NNI: done in 0.00129914 secs using 194.4% CPU
Estimate model parameters (epsilon = 1.000)
Optimizing NNI: done in 0.00502205 secs using 206% CPU
Estimate model parameters (epsilon = 1.000)
Optimizing NNI: done in 0.003685 secs using 218.5% CPU
Estimate model parameters (epsilon = 1.000)
Optimizing NNI: done in 0.00400209 secs using 192.1% CPU
Estimate model parameters (epsilon = 1.000)
Optimizing NNI: done in 0.00121522 secs using 208.6% CPU
Estimate model parameters (epsilon = 1.000)
Optimizing NNI: done in 0.00218105 secs using 155.7% CPU
Estimate model parameters (epsilon = 1.000)
Optimizing NNI: done in 0.000953197 secs using 199.7% CPU
Estimate model parameters (epsilon = 1.000)
Optimizing NNI: done in 0.00379086 secs using 186.2% CPU
Estimate model parameters (epsilon = 1.000)
Optimizing NNI: done in 0.00186014 secs using 196.1% CPU
Estimate model parameters (epsilon = 1.000)
Optimizing NNI: done in 0.0019412 secs using 202% CPU
Estimate model parameters (epsilon = 1.000)
Optimizing NNI: done in 0.00731111 secs using 209.3% CPU
Estimate model parameters (epsilon = 1.000)
Optimizing NNI: done in 0.00285602 secs using 257.7% CPU
Estimate model parameters (epsilon = 1.000)
Optimizing NNI: done in 0.00192118 secs using 118.9% CPU
Estimate model parameters (epsilon = 1.000)
Optimizing NNI: done in 0.00238299 secs using 172.7% CPU
Estimate model parameters (epsilon = 1.000)
Optimizing NNI: done in 0.00380611 secs using 204.6% CPU
Estimate model parameters (epsilon = 1.000)
Optimizing NNI: done in 0.000720978 secs using 99.86% CPU
Estimate model parameters (epsilon = 1.000)
Optimizing NNI: done in 0.00141716 secs using 302.9% CPU
Estimate model parameters (epsilon = 1.000)
Optimizing NNI: done in 0.00150013 secs using 199.8% CPU
Estimate model parameters (epsilon = 1.000)
Optimizing NNI: done in 0.00139499 secs using 221.7% CPU
Estimate model parameters (epsilon = 1.000)
Optimizing NNI: done in 0.00176907 secs using 178.9% CPU
Estimate model parameters (epsilon = 1.000)
Optimizing NNI: done in 0.00272202 secs using 178.6% CPU
Estimate model parameters (epsilon = 1.000)
Optimizing NNI: done in 0.00137806 secs using 180.3% CPU
Estimate model parameters (epsilon = 1.000)
Optimizing NNI: done in 0.00109196 secs using 170.5% CPU
Estimate model parameters (epsilon = 1.000)
Optimizing NNI: done in 0.00242305 secs using 264.5% CPU
Estimate model parameters (epsilon = 1.000)
Optimizing NNI: done in 0.000876904 secs using 124.8% CPU
Estimate model parameters (epsilon = 1.000)
Log-likelihood: -113761.802
Time for fast ML tree search: 0.307 seconds

NOTE: ModelFinder requires 3 MB RAM!
Selecting individual models for 29 charsets using BIC...
 No. Model        Score       TreeLen     Charset
   1 TN+F+G4      15263.294   1.401       ENSGALG00000003702.macse_DNA_gb
   2 TIM2e+I+G4   12580.445   2.251       ENSGALG00000003337.macse_DNA_gb
   3 TIM2+F+G4    9605.819    1.600       ENSGALG00000003700.macse_DNA_gb
   4 TNe+I+R2     10194.818   2.438       ENSGALG00000000223.macse_DNA_gb
   5 TPM3+G4      10362.797   2.104       ENSGALG00000008338.macse_DNA_gb
   6 TVM+F+I+G4   8750.609    1.932       ENSGALG00000002514.macse_DNA_gb
   7 TPM2+I+G4    8926.487    2.168       ENSGALG00000016241.macse_DNA_gb
   8 TN+F+G4      8486.519    2.256       ENSGALG00000009879.macse_DNA_gb
   9 TPM2u+F+G4   11279.090   1.084       ENSGALG00000013227.macse_DNA_gb
  10 TIM2+F+I+R2  9208.921    2.066       ENSGALG00000009085.macse_DNA_gb	0h:0m:6s (0h:0m:11s left)
  11 TPM3u+F+R2   10590.324   1.770       ENSGALG00000011323.macse_DNA_gb	0h:0m:6s (0h:0m:10s left)
  12 TPM2+G4      6243.112    0.920       ENSGALG00000005834.macse_DNA_gb	0h:0m:7s (0h:0m:9s left)
  13 SYM+G4       8849.226    1.820       ENSGALG00000012244.macse_DNA_gb	0h:0m:7s (0h:0m:8s left)
  14 TIM2+F+G4    7302.253    1.773       ENSGALG00000015397.macse_DNA_gb	0h:0m:7s (0h:0m:7s left)
  15 TPM2+G4      8212.126    0.905       ENSGALG00000011917.macse_DNA_gb	0h:0m:7s (0h:0m:7s left)
  16 K2P+G4       5985.563    1.890       ENSGALG00000003907.macse_DNA_gb	0h:0m:7s (0h:0m:6s left)
  17 TPM2+R2      6880.074    1.970       ENSGALG00000008916.macse_DNA_gb	0h:0m:8s (0h:0m:5s left)
  18 TNe+I        6352.959    1.559       ENSGALG00000005820.macse_DNA_gb	0h:0m:8s (0h:0m:5s left)
  19 K2P+G4       5856.587    1.676       ENSGALG00000012379.macse_DNA_gb	0h:0m:8s (0h:0m:4s left)
  20 TIM+F+G4     7436.913    1.908       ENSGALG00000015326.macse_DNA_gb	0h:0m:8s (0h:0m:3s left)
  21 TN+F+G4      6702.519    1.791       ENSGALG00000014038.macse_DNA_gb	0h:0m:9s (0h:0m:3s left)
  22 TPM2+G4      6900.519    1.916       ENSGALG00000001529.macse_DNA_gb	0h:0m:9s (0h:0m:2s left)
  23 TN+F+G4      7308.908    1.770       ENSGALG00000002002.macse_DNA_gb	0h:0m:9s (0h:0m:2s left)
  24 TNe+G4       5725.597    1.543       ENSGALG00000005902.macse_DNA_gb	0h:0m:9s (0h:0m:2s left)
  25 TPM3+I+G4    5869.560    2.088       ENSGALG00000011434.macse_DNA_gb	0h:0m:9s (0h:0m:1s left)
  26 K2P+G4       6011.963    2.299       ENSGALG00000011966.macse_DNA_gb	0h:0m:9s (0h:0m:1s left)
  27 TIM3e+G4     5894.266    1.073       ENSGALG00000012568.macse_DNA_gb	0h:0m:10s (0h:0m:0s left)
  28 TN+F+G4      4280.998    0.903       ENSGALG00000014648.macse_DNA_gb	0h:0m:10s (0h:0m:0s left)
  29 TPM2u+F+I+R2 5517.213    1.476       ENSGALG00000008517.macse_DNA_gb	0h:0m:11s (0h:0m:0s left)
Full partition model BIC score: 235068.585 (LnL: -113899.881  df:731)
Partition information was printed to turtle.loci.best_scheme.nex
Partition information in Raxml format was printed to turtle.loci.best_scheme

All model information printed to turtle.loci.model.gz
CPU time for ModelFinder: 22.696 seconds (0h:0m:22s)
Wall-clock time for ModelFinder: 11.663 seconds (0h:0m:11s)

NOTE: 12 MB RAM (0 GB) is required!
Estimate model parameters (epsilon = 0.100)
Partition ENSGALG00000003702.macse_DNA_gb / Model: TN+F+G4 / df: 23 / LogL: -7547.205
Partition ENSGALG00000008338.macse_DNA_gb / Model: TPM3+G4 / df: 24 / LogL: -5101.303
Partition ENSGALG00000003700.macse_DNA_gb / Model: TIM2+F+G4 / df: 32 / LogL: -4694.340
Partition ENSGALG00000000223.macse_DNA_gb / Model: TNe+I+R2 / df: 24 / LogL: -5016.521
Partition ENSGALG00000002514.macse_DNA_gb / Model: TVM+F+I+G4 / df: 34 / LogL: -4262.435
Partition ENSGALG00000003337.macse_DNA_gb / Model: TIM2e+I+G4 / df: 32 / LogL: -6180.134
Partition ENSGALG00000009879.macse_DNA_gb / Model: TN+F+G4 / df: 29 / LogL: -4150.576
Partition ENSGALG00000012244.macse_DNA_gb / Model: SYM+G4 / df: 29 / LogL: -4328.563
Partition ENSGALG00000013227.macse_DNA_gb / Model: TPM2u+F+G4 / df: 23 / LogL: -5557.071
Partition ENSGALG00000009085.macse_DNA_gb / Model: TIM2+F+I+R2 / df: 28 / LogL: -4508.737
Partition ENSGALG00000011323.macse_DNA_gb / Model: TPM3u+F+R2 / df: 22 / LogL: -5220.328
Partition ENSGALG00000005834.macse_DNA_gb / Model: TPM2+G4 / df: 30 / LogL: -3023.374
Partition ENSGALG00000015397.macse_DNA_gb / Model: TIM2+F+G4 / df: 28 / LogL: -3561.709
Partition ENSGALG00000011917.macse_DNA_gb / Model: TPM2+G4 / df: 24 / LogL: -4023.399
Partition ENSGALG00000003907.macse_DNA_gb / Model: K2P+G4 / df: 23 / LogL: -2921.783
Partition ENSGALG00000005820.macse_DNA_gb / Model: TNe+I / df: 24 / LogL: -3100.206
Partition ENSGALG00000008916.macse_DNA_gb / Model: TPM2+R2 / df: 25 / LogL: -3361.247
Partition ENSGALG00000012379.macse_DNA_gb / Model: K2P+G4 / df: 25 / LogL: -2850.143
Partition ENSGALG00000015326.macse_DNA_gb / Model: TIM+F+G4 / df: 24 / LogL: -3641.753
Partition ENSGALG00000001529.macse_DNA_gb / Model: TPM2+G4 / df: 20 / LogL: -3387.683
Partition ENSGALG00000014038.macse_DNA_gb / Model: TN+F+G4 / df: 25 / LogL: -3272.138
Partition ENSGALG00000002002.macse_DNA_gb / Model: TN+F+G4 / df: 23 / LogL: -3579.585
Partition ENSGALG00000005902.macse_DNA_gb / Model: TNe+G4 / df: 26 / LogL: -2780.305
Partition ENSGALG00000016241.macse_DNA_gb / Model: TPM2+I+G4 / df: 27 / LogL: -4375.178
Partition ENSGALG00000011966.macse_DNA_gb / Model: K2P+G4 / df: 19 / LogL: -2947.571
Partition ENSGALG00000008517.macse_DNA_gb / Model: TPM2u+F+I+R2 / df: 27 / LogL: -2673.357
Partition ENSGALG00000012568.macse_DNA_gb / Model: TIM3e+G4 / df: 19 / LogL: -2885.898
Partition ENSGALG00000014648.macse_DNA_gb / Model: TN+F+G4 / df: 21 / LogL: -2075.288
Partition ENSGALG00000011434.macse_DNA_gb / Model: TPM3+I+G4 / df: 21 / LogL: -2870.698
Optimal log-likelihood: -113898.527
Wrote distance file to... 
--------------------------------------------------------------------
|                SEPARATE TREE SEARCH FOR PARTITIONS               |
--------------------------------------------------------------------
Partition ENSGALG00000003702.macse_DNA_gb / Iterations: 102 / LogL: -7547.21 / Time: 0h:0m:1s
Partition ENSGALG00000003337.macse_DNA_gb / Iterations: 102 / LogL: -6164.81 / Time: 0h:0m:1s
Partition ENSGALG00000008338.macse_DNA_gb / Iterations: 102 / LogL: -5101.3 / Time: 0h:0m:2s
Partition ENSGALG00000003700.macse_DNA_gb / Iterations: 109 / LogL: -4694.16 / Time: 0h:0m:2s
Partition ENSGALG00000000223.macse_DNA_gb / Iterations: 102 / LogL: -5016.51 / Time: 0h:0m:2s
Partition ENSGALG00000002514.macse_DNA_gb / Iterations: 102 / LogL: -4262.38 / Time: 0h:0m:2s
Partition ENSGALG00000016241.macse_DNA_gb / Iterations: 103 / LogL: -4372.27 / Time: 0h:0m:3s
Partition ENSGALG00000012244.macse_DNA_gb / Iterations: 102 / LogL: -4328.56 / Time: 0h:0m:3s
Partition ENSGALG00000009879.macse_DNA_gb / Iterations: 102 / LogL: -4150.58 / Time: 0h:0m:3s
Partition ENSGALG00000013227.macse_DNA_gb / Iterations: 102 / LogL: -5557.07 / Time: 0h:0m:3s
Partition ENSGALG00000009085.macse_DNA_gb / Iterations: 103 / LogL: -4504.25 / Time: 0h:0m:3s
Partition ENSGALG00000011323.macse_DNA_gb / Iterations: 102 / LogL: -5220.32 / Time: 0h:0m:4s
Partition ENSGALG00000015397.macse_DNA_gb / Iterations: 102 / LogL: -3560.66 / Time: 0h:0m:4s
Partition ENSGALG00000005834.macse_DNA_gb / Iterations: 103 / LogL: -3022.95 / Time: 0h:0m:4s
Partition ENSGALG00000011917.macse_DNA_gb / Iterations: 103 / LogL: -4023.33 / Time: 0h:0m:4s
Partition ENSGALG00000003907.macse_DNA_gb / Iterations: 120 / LogL: -2918.06 / Time: 0h:0m:4s
Partition ENSGALG00000008916.macse_DNA_gb / Iterations: 102 / LogL: -3361.24 / Time: 0h:0m:5s
Partition ENSGALG00000005820.macse_DNA_gb / Iterations: 203 / LogL: -3096.49 / Time: 0h:0m:5s
Partition ENSGALG00000015326.macse_DNA_gb / Iterations: 102 / LogL: -3640.96 / Time: 0h:0m:5s
Partition ENSGALG00000012379.macse_DNA_gb / Iterations: 102 / LogL: -2849.5 / Time: 0h:0m:5s
Partition ENSGALG00000001529.macse_DNA_gb / Iterations: 102 / LogL: -3387.68 / Time: 0h:0m:5s
Partition ENSGALG00000014038.macse_DNA_gb / Iterations: 102 / LogL: -3272.14 / Time: 0h:0m:5s
Partition ENSGALG00000002002.macse_DNA_gb / Iterations: 102 / LogL: -3576.61 / Time: 0h:0m:6s
Partition ENSGALG00000005902.macse_DNA_gb / Iterations: 103 / LogL: -2779.58 / Time: 0h:0m:6s
Partition ENSGALG00000011434.macse_DNA_gb / Iterations: 102 / LogL: -2869.8 / Time: 0h:0m:6s
Partition ENSGALG00000011966.macse_DNA_gb / Iterations: 104 / LogL: -2946.13 / Time: 0h:0m:6s
Partition ENSGALG00000008517.macse_DNA_gb / Iterations: 102 / LogL: -2673.35 / Time: 0h:0m:6s
Partition ENSGALG00000012568.macse_DNA_gb / Iterations: 102 / LogL: -2885.9 / Time: 0h:0m:6s
Partition ENSGALG00000014648.macse_DNA_gb / Iterations: 102 / LogL: -2074.89 / Time: 0h:0m:6s
--------------------------------------------------------------------
|                    FINALIZING TREE SEARCH                        |
--------------------------------------------------------------------
Performs final model parameters optimization
Estimate model parameters (epsilon = 0.010)
Partition ENSGALG00000003702.macse_DNA_gb / Model: TN+F+G4 / df: 23 / LogL: -7547.205
Partition ENSGALG00000008338.macse_DNA_gb / Model: TPM3+G4 / df: 24 / LogL: -5101.303
Partition ENSGALG00000003700.macse_DNA_gb / Model: TIM2+F+G4 / df: 32 / LogL: -4694.160
Partition ENSGALG00000000223.macse_DNA_gb / Model: TNe+I+R2 / df: 24 / LogL: -5016.493
Partition ENSGALG00000003337.macse_DNA_gb / Model: TIM2e+I+G4 / df: 32 / LogL: -6164.760
Partition ENSGALG00000016241.macse_DNA_gb / Model: TPM2+I+G4 / df: 27 / LogL: -4372.260
Partition ENSGALG00000009879.macse_DNA_gb / Model: TN+F+G4 / df: 29 / LogL: -4150.576
Partition ENSGALG00000012244.macse_DNA_gb / Model: SYM+G4 / df: 29 / LogL: -4328.562
Partition ENSGALG00000013227.macse_DNA_gb / Model: TPM2u+F+G4 / df: 23 / LogL: -5557.070
Partition ENSGALG00000009085.macse_DNA_gb / Model: TIM2+F+I+R2 / df: 28 / LogL: -4504.244
Partition ENSGALG00000002514.macse_DNA_gb / Model: TVM+F+I+G4 / df: 34 / LogL: -4262.351
Partition ENSGALG00000011323.macse_DNA_gb / Model: TPM3u+F+R2 / df: 22 / LogL: -5220.318
Partition ENSGALG00000005834.macse_DNA_gb / Model: TPM2+G4 / df: 30 / LogL: -3022.946
Partition ENSGALG00000015397.macse_DNA_gb / Model: TIM2+F+G4 / df: 28 / LogL: -3560.662
Partition ENSGALG00000011917.macse_DNA_gb / Model: TPM2+G4 / df: 24 / LogL: -4023.332
Partition ENSGALG00000005820.macse_DNA_gb / Model: TNe+I / df: 24 / LogL: -3096.487
Partition ENSGALG00000003907.macse_DNA_gb / Model: K2P+G4 / df: 23 / LogL: -2918.062
Partition ENSGALG00000012379.macse_DNA_gb / Model: K2P+G4 / df: 25 / LogL: -2849.497
Partition ENSGALG00000008916.macse_DNA_gb / Model: TPM2+R2 / df: 25 / LogL: -3361.244
Partition ENSGALG00000015326.macse_DNA_gb / Model: TIM+F+G4 / df: 24 / LogL: -3640.956
Partition ENSGALG00000001529.macse_DNA_gb / Model: TPM2+G4 / df: 20 / LogL: -3387.683
Partition ENSGALG00000014038.macse_DNA_gb / Model: TN+F+G4 / df: 25 / LogL: -3272.138
Partition ENSGALG00000002002.macse_DNA_gb / Model: TN+F+G4 / df: 23 / LogL: -3576.603
Partition ENSGALG00000005902.macse_DNA_gb / Model: TNe+G4 / df: 26 / LogL: -2779.575
Partition ENSGALG00000011434.macse_DNA_gb / Model: TPM3+I+G4 / df: 21 / LogL: -2869.795
Partition ENSGALG00000011966.macse_DNA_gb / Model: K2P+G4 / df: 19 / LogL: -2946.131
Partition ENSGALG00000012568.macse_DNA_gb / Model: TIM3e+G4 / df: 19 / LogL: -2885.898
Partition ENSGALG00000014648.macse_DNA_gb / Model: TN+F+G4 / df: 21 / LogL: -2074.889
Partition ENSGALG00000008517.macse_DNA_gb / Model: TPM2u+F+I+R2 / df: 27 / LogL: -2673.327
Optimal log-likelihood: -113858.528
Partition information was printed to turtle.loci.best_model.nex
BEST SCORE FOUND : -113858.528
Total tree length: 50.311

Total number of iterations: 0
CPU time used for tree search: 11.272 sec (0h:0m:11s)
Wall-clock time used for tree search: 5.637 sec (0h:0m:5s)
Total CPU time used: 13.433 sec (0h:0m:13s)
Total wall-clock time used: 6.719 sec (0h:0m:6s)

Analysis results written to: 
  IQ-TREE report:                turtle.loci.iqtree
  Maximum-likelihood tree:       turtle.loci.treefile
  Screen log file:               turtle.loci.log

Date and Time: Thu Jul 27 09:32:53 2023
