IQ-TREE multicore version 2.2.2.6 COVID-edition for Linux 64-bit built May 27 2023
Developed by Bui Quang Minh, James Barbetti, Nguyen Lam Tung,
Olga Chernomor, Heiko Schmidt, Dominik Schrempf, Michael Woodhams, Ly Trong Nhan.

Host:    rsb-072749 (AVX2, FMA3, 62 GB RAM)
Command: /home/frederickjaya/Downloads/iqtree-2.2.2.6-Linux/bin/iqtree2 -s ../data/turtle.fa -p ../03_partition/turtle.nex.best_scheme.nex -z ../05_mast/turtle.trees -n 0 -wpl -pre turtle.wpl -T 8
Seed:    380657 (Using SPRNG - Scalable Parallel Random Number Generator)
Time:    Wed Jul 26 18:04:04 2023
Kernel:  AVX+FMA - 8 threads (20 CPU cores detected)

Reading partition model file ../03_partition/turtle.nex.best_scheme.nex ...
Reading alignment file ../data/turtle.fa ... Fasta format detected
Reading fasta file: done in 0.00440598 secs using 87.34% CPU
Alignment most likely contains DNA/RNA sequences
Constructing alignment: done in 0.010257 secs using 789.4% CPU
Alignment has 16 sequences with 20820 columns, 8574 distinct patterns
6084 parsimony-informative, 3551 singleton sites, 11185 constant sites
                   Gap/Ambiguity  Composition  p-value
Analyzing sequences: done in 5.00679e-05 secs using 137.8% CPU
   1  protopterus         67.26%    failed      0.00%
   2  Anolis               1.61%    passed     48.30%
   3  Gallus               0.01%    passed     11.30%
   4  Homo                 0.29%    passed     68.82%
   5  Monodelphis          0.46%    failed      0.21%
   6  Ornithorhynchus      3.73%    failed      0.00%
   7  Taeniopygia          2.10%    failed      0.00%
   8  Xenopus              1.50%    passed     27.31%
   9  alligator           80.50%    passed     19.63%
  10  emys_orbicularis    56.95%    passed     71.94%
  11  phrynops            36.77%    passed     17.20%
  12  caiman              41.06%    passed      5.16%
  13  caretta             36.33%    passed      6.75%
  14  python              65.18%    failed      0.00%
  15  chelonoidis_nigra   68.53%    failed      0.77%
  16  podarcis            76.21%    failed      0.14%
WARNING: 6 sequences contain more than 50% gaps/ambiguity
****  TOTAL               33.66%  7 sequences failed composition chi2 test (p-value<5%; df=3)

Loading 29 partitions...
Identifying sites to remove: done in 0.000209093 secs using 815.9% CPU
Identifying sites to remove: done in 0.000133991 secs using 812% CPU
Identifying sites to remove: done in 0.000154972 secs using 812.4% CPU
Identifying sites to remove: done in 0.00017786 secs using 811.3% CPU
Identifying sites to remove: done in 0.000229836 secs using 798.4% CPU
Identifying sites to remove: done in 0.000204086 secs using 779.1% CPU
Identifying sites to remove: done in 0.000346899 secs using 794.5% CPU
Identifying sites to remove: done in 0.00012517 secs using 802.1% CPU
Identifying sites to remove: done in 0.000144005 secs using 808.3% CPU
Identifying sites to remove: done in 0.000154972 secs using 783.4% CPU
Identifying sites to remove: done in 0.000130177 secs using 798.1% CPU
Identifying sites to remove: done in 0.000195026 secs using 797.3% CPU
Identifying sites to remove: done in 0.000120878 secs using 811.6% CPU
Identifying sites to remove: done in 0.000141859 secs using 786.7% CPU
Identifying sites to remove: done in 0.000226974 secs using 779.8% CPU
Identifying sites to remove: done in 0.000169992 secs using 793% CPU
Identifying sites to remove: done in 0.000224829 secs using 809.1% CPU
Identifying sites to remove: done in 0.000108004 secs using 831.5% CPU
Identifying sites to remove: done in 0.000225067 secs using 804.2% CPU
Identifying sites to remove: done in 0.000112772 secs using 801.6% CPU
Identifying sites to remove: done in 0.000196934 secs using 798.2% CPU
Identifying sites to remove: done in 0.000126123 secs using 805.6% CPU
Identifying sites to remove: done in 0.000149965 secs using 796.2% CPU
Identifying sites to remove: done in 0.000294924 secs using 801.6% CPU
Identifying sites to remove: done in 0.000129938 secs using 782.7% CPU
Identifying sites to remove: done in 0.00011301 secs using 769% CPU
Identifying sites to remove: done in 0.000157118 secs using 802.6% CPU
Identifying sites to remove: done in 0.000159979 secs using 802.6% CPU
Identifying sites to remove: done in 0.000181913 secs using 805.9% CPU
Subset	Type	Seqs	Sites	Infor	Invar	Model	Name
1	DNA	11	846	282	382	TNe+I+R2	ENSGALG00000000223.macse_DNA_gb
2	DNA	10	522	193	227	TPM2+G4	ENSGALG00000001529.macse_DNA_gb
3	DNA	10	672	194	351	TN+F+G4	ENSGALG00000002002.macse_DNA_gb
4	DNA	14	732	222	422	TVM+F+I+G4	ENSGALG00000002514.macse_DNA_gb
5	DNA	15	966	313	556	TIM2e+I+G4	ENSGALG00000003337.macse_DNA_gb
6	DNA	14	885	257	525	TIM2+F+G4	ENSGALG00000003700.macse_DNA_gb
7	DNA	10	1545	359	833	TN+F+G4	ENSGALG00000003702.macse_DNA_gb
8		12	480	176	225	K2P+I+G4	ENSGALG00000003907.macse_DNA_gb
9	DNA	12	576	176	318	TNe+I	ENSGALG00000005820.macse_DNA_gb
10	DNA	15	696	129	483	TIM2+F+G4	ENSGALG00000005834.macse_DNA_gb
11	DNA	13	570	124	334	TNe+G4	ENSGALG00000005902.macse_DNA_gb
12	DNA	12	792	283	334	TPM3+G4	ENSGALG00000008338.macse_DNA_gb
13	DNA	11	540	129	329	TPM2u+F+G4	ENSGALG00000008517.macse_DNA_gb
14	DNA	12	546	231	262	TPM2u+F+I+G4	ENSGALG00000008916.macse_DNA_gb
15	DNA	11	930	243	547	TIM2+F+I+R2	ENSGALG00000009085.macse_DNA_gb
16	DNA	13	597	239	261	TN+F+G4	ENSGALG00000009879.macse_DNA_gb
17	DNA	9	900	290	406	TPM3u+F+G4	ENSGALG00000011323.macse_DNA_gb
18	DNA	10	447	201	211	TPM3+I+G4	ENSGALG00000011434.macse_DNA_gb
19	DNA	12	981	172	659	TIM3+F+G4	ENSGALG00000011917.macse_DNA_gb
20		10	468	169	191	K2P+G4	ENSGALG00000011966.macse_DNA_gb
21	DNA	13	753	233	387	SYM+G4	ENSGALG00000012244.macse_DNA_gb
22	DNA	13	519	149	292	TN+F+G4	ENSGALG00000012379.macse_DNA_gb
23	DNA	9	630	158	382	TNe+G4	ENSGALG00000012568.macse_DNA_gb
24	DNA	10	1302	279	815	TPM2u+F+G4	ENSGALG00000013227.macse_DNA_gb
25	DNA	11	561	176	297	TN+F+G4	ENSGALG00000014038.macse_DNA_gb
26	DNA	9	498	96	314	TN+F+G4	ENSGALG00000014648.macse_DNA_gb
27	DNA	10	597	187	238	TIM+F+G4	ENSGALG00000015326.macse_DNA_gb
28	DNA	12	594	175	281	TIM2+F+G4	ENSGALG00000015397.macse_DNA_gb
29	DNA	13	675	249	323	TPM2+I+G4	ENSGALG00000016241.macse_DNA_gb
Degree of missing data: 0.276
Info: multi-threading strategy over partitions


Create initial parsimony tree by phylogenetic likelihood library (PLL)... 0.006 seconds

NOTE: 12 MB RAM (0 GB) is required!
Estimate model parameters (epsilon = 0.010)
Initial log-likelihood: -121355.736
Current log-likelihood at step 1: -115874.147
Current log-likelihood at step 2: -115550.176
Current log-likelihood at step 3: -115534.018
Current log-likelihood at step 4: -115533.070
Current log-likelihood at step 5: -115532.208
Current log-likelihood at step 6: -115531.311
Current log-likelihood at step 7: -115530.374
Current log-likelihood at step 8: -115529.395
Current log-likelihood at step 9: -115528.367
Current log-likelihood at step 10: -115527.285
Current log-likelihood at step 11: -115526.141
Current log-likelihood at step 12: -115524.932
Current log-likelihood at step 13: -115523.661
Current log-likelihood at step 14: -115522.316
Current log-likelihood at step 15: -115520.895
Current log-likelihood at step 16: -115519.415
Current log-likelihood at step 17: -115517.864
Current log-likelihood at step 18: -115516.258
Current log-likelihood at step 19: -115514.625
Current log-likelihood at step 20: -115512.968
Current log-likelihood at step 21: -115511.309
Current log-likelihood at step 22: -115509.675
Current log-likelihood at step 23: -115508.095
Current log-likelihood at step 24: -115506.571
Current log-likelihood at step 25: -115505.132
Current log-likelihood at step 26: -115503.771
Current log-likelihood at step 27: -115502.494
Current log-likelihood at step 28: -115501.307
Current log-likelihood at step 29: -115500.219
Current log-likelihood at step 30: -115499.233
Current log-likelihood at step 31: -115498.301
Current log-likelihood at step 32: -115497.407
Current log-likelihood at step 33: -115496.523
Current log-likelihood at step 34: -115495.652
Current log-likelihood at step 35: -115494.783
Current log-likelihood at step 36: -115493.922
Current log-likelihood at step 37: -115493.086
Current log-likelihood at step 38: -115492.278
Current log-likelihood at step 39: -115491.514
Current log-likelihood at step 40: -115490.811
Current log-likelihood at step 41: -115490.157
Current log-likelihood at step 42: -115489.580
Current log-likelihood at step 43: -115489.073
Current log-likelihood at step 44: -115488.619
Current log-likelihood at step 45: -115488.230
Current log-likelihood at step 46: -115487.891
Current log-likelihood at step 47: -115487.577
Current log-likelihood at step 48: -115487.312
Current log-likelihood at step 49: -115487.080
Current log-likelihood at step 50: -115486.873
Current log-likelihood at step 51: -115486.693
Current log-likelihood at step 52: -115486.535
Current log-likelihood at step 53: -115486.403
Current log-likelihood at step 54: -115486.294
Current log-likelihood at step 55: -115486.204
Current log-likelihood at step 56: -115486.132
Current log-likelihood at step 57: -115486.076
Current log-likelihood at step 58: -115486.033
Current log-likelihood at step 59: -115486.000
Current log-likelihood at step 60: -115485.975
Current log-likelihood at step 61: -115485.957
Current log-likelihood at step 62: -115485.943
Current log-likelihood at step 63: -115485.934
Partition-specific rates:  1.219 1.304 1.095 1.060 1.245 0.760 0.878 1.102 0.785 0.467 0.649 1.044 0.699 1.565 1.195 1.191 1.283 1.677 0.607 1.302 1.095 0.967 0.816 0.690 0.913 0.643 1.165 0.989 1.255
Parameters optimization took 62 rounds (0.427 sec)

Wrote distance file to... 
Partition information was printed to turtle.wpl.best_model.nex
BEST SCORE FOUND : -115485.934
Partition log-likelihoods printed to turtle.wpl.partlh
Total tree length: 1.993

Total number of iterations: 0
CPU time used for tree search: 0.000 sec (0h:0m:0s)
Wall-clock time used for tree search: 0.000 sec (0h:0m:0s)
Total CPU time used: 3.504 sec (0h:0m:3s)
Total wall-clock time used: 0.440 sec (0h:0m:0s)
Reading trees in ../05_mast/turtle.trees ...

2 trees detected
Tree 1 / LogL: -115485.934
Tree 2 / LogL: -115475.704
Time for evaluating all trees: 0.018 sec.

Analysis results written to: 
  IQ-TREE report:                turtle.wpl.iqtree
  Maximum-likelihood tree:       turtle.wpl.treefile
  Partition log-likelihoods:     turtle.wpl.partlh
  Evaluated user trees:          turtle.wpl.trees
  Screen log file:               turtle.wpl.log

Date and Time: Wed Jul 26 18:04:04 2023
